# JRE version: Java(TM) SE Runtime Environment (8.0_60-b27) (build 1.8.0_60-b27)
# Java VM: Java HotSpot(TM) 64-Bit Server VM (25.60-b23 mixed mode linux-amd64 compressed oops)
Heap:
 PSYoungGen      total 129536K, used 6488K [0x00000000ed000000, 0x00000000f5e00000, 0x0000000100000000)
  eden space 118272K, 0% used [0x00000000ed000000,0x00000000ed000000,0x00000000f4380000)
  from space 11264K, 57% used [0x00000000f4380000,0x00000000f49d61c0,0x00000000f4e80000)
  to   space 6656K, 0% used [0x00000000f4e80000,0x00000000f4e80000,0x00000000f5500000)
 ParOldGen       total 39936K, used 19504K [0x00000000c7000000, 0x00000000c9700000, 0x00000000ed000000)
  object space 39936K, 48% used [0x00000000c7000000,0x00000000c830c380,0x00000000c9700000)
 Metaspace       used 20526K, capacity 21082K, committed 21248K, reserved 1067008K
  class space    used 2504K, capacity 2696K, committed 2816K, reserved 1048576K
GC Heap History (10 events):
Event: 0,616 GC heap after
Heap after GC invocations=2 (full 0):
 PSYoungGen      total 32768K, used 2048K [0x00000000ed000000, 0x00000000ef200000, 0x0000000100000000)
  eden space 30720K, 0% used [0x00000000ed000000,0x00000000ed000000,0x00000000eee00000)
  from space 2048K, 100% used [0x00000000ef000000,0x00000000ef200000,0x00000000ef200000)
  to   space 2048K, 0% used [0x00000000eee00000,0x00000000eee00000,0x00000000ef000000)
 ParOldGen       total 39936K, used 2186K [0x00000000c7000000, 0x00000000c9700000, 0x00000000ed000000)
  object space 39936K, 5% used [0x00000000c7000000,0x00000000c72229a8,0x00000000c9700000)
 Metaspace       used 7806K, capacity 8008K, committed 8320K, reserved 1056768K
  class space    used 989K, capacity 1050K, committed 1152K, reserved 1048576K
}
Event: 1,119 GC heap before
{Heap before GC invocations=3 (full 0):
 PSYoungGen      total 32768K, used 32768K [0x00000000ed000000, 0x00000000ef200000, 0x0000000100000000)
  eden space 30720K, 100% used [0x00000000ed000000,0x00000000eee00000,0x00000000eee00000)
  from space 2048K, 100% used [0x00000000ef000000,0x00000000ef200000,0x00000000ef200000)
  to   space 2048K, 0% used [0x00000000eee00000,0x00000000eee00000,0x00000000ef000000)
 ParOldGen       total 39936K, used 2186K [0x00000000c7000000, 0x00000000c9700000, 0x00000000ed000000)
  object space 39936K, 5% used [0x00000000c7000000,0x00000000c72229a8,0x00000000c9700000)
 Metaspace       used 12927K, capacity 13258K, committed 13568K, reserved 1060864K
  class space    used 1590K, capacity 1688K, committed 1792K, reserved 1048576K
Event: 1,129 GC heap after
Heap after GC invocations=3 (full 0):
 PSYoungGen      total 32768K, used 2036K [0x00000000ed000000, 0x00000000f1000000, 0x0000000100000000)
  eden space 30720K, 0% used [0x00000000ed000000,0x00000000ed000000,0x00000000eee00000)
  from space 2048K, 99% used [0x00000000eee00000,0x00000000eeffd2f0,0x00000000ef000000)
  to   space 2048K, 0% used [0x00000000f0e00000,0x00000000f0e00000,0x00000000f1000000)
 ParOldGen       total 39936K, used 6727K [0x00000000c7000000, 0x00000000c9700000, 0x00000000ed000000)
  object space 39936K, 16% used [0x00000000c7000000,0x00000000c7691eb0,0x00000000c9700000)
 Metaspace       used 12927K, capacity 13258K, committed 13568K, reserved 1060864K
  class space    used 1590K, capacity 1688K, committed 1792K, reserved 1048576K
}
Event: 1,341 GC heap before
{Heap before GC invocations=4 (full 0):
 PSYoungGen      total 32768K, used 32756K [0x00000000ed000000, 0x00000000f1000000, 0x0000000100000000)
  eden space 30720K, 100% used [0x00000000ed000000,0x00000000eee00000,0x00000000eee00000)
  from space 2048K, 99% used [0x00000000eee00000,0x00000000eeffd2f0,0x00000000ef000000)
  to   space 2048K, 0% used [0x00000000f0e00000,0x00000000f0e00000,0x00000000f1000000)
 ParOldGen       total 39936K, used 6727K [0x00000000c7000000, 0x00000000c9700000, 0x00000000ed000000)
  object space 39936K, 16% used [0x00000000c7000000,0x00000000c7691eb0,0x00000000c9700000)
 Metaspace       used 13346K, capacity 13630K, committed 13824K, reserved 1060864K
  class space    used 1622K, capacity 1725K, committed 1792K, reserved 1048576K
Event: 1,347 GC heap after
Heap after GC invocations=4 (full 0):
 PSYoungGen      total 63488K, used 2032K [0x00000000ed000000, 0x00000000f1000000, 0x0000000100000000)
  eden space 61440K, 0% used [0x00000000ed000000,0x00000000ed000000,0x00000000f0c00000)
  from space 2048K, 99% used [0x00000000f0e00000,0x00000000f0ffc010,0x00000000f1000000)
  to   space 2048K, 0% used [0x00000000f0c00000,0x00000000f0c00000,0x00000000f0e00000)
 ParOldGen       total 39936K, used 9024K [0x00000000c7000000, 0x00000000c9700000, 0x00000000ed000000)
  object space 39936K, 22% used [0x00000000c7000000,0x00000000c78d0368,0x00000000c9700000)
 Metaspace       used 13346K, capacity 13630K, committed 13824K, reserved 1060864K
  class space    used 1622K, capacity 1725K, committed 1792K, reserved 1048576K
}
Event: 1,966 GC heap before
{Heap before GC invocations=5 (full 0):
 PSYoungGen      total 63488K, used 63472K [0x00000000ed000000, 0x00000000f1000000, 0x0000000100000000)
  eden space 61440K, 100% used [0x00000000ed000000,0x00000000f0c00000,0x00000000f0c00000)
  from space 2048K, 99% used [0x00000000f0e00000,0x00000000f0ffc010,0x00000000f1000000)
  to   space 2048K, 0% used [0x00000000f0c00000,0x00000000f0c00000,0x00000000f0e00000)
 ParOldGen       total 39936K, used 9024K [0x00000000c7000000, 0x00000000c9700000, 0x00000000ed000000)
  object space 39936K, 22% used [0x00000000c7000000,0x00000000c78d0368,0x00000000c9700000)
 Metaspace       used 17431K, capacity 17930K, committed 18048K, reserved 1064960K
  class space    used 2166K, capacity 2333K, committed 2432K, reserved 1048576K
Event: 1,979 GC heap after
Heap after GC invocations=5 (full 0):
 PSYoungGen      total 63488K, used 2016K [0x00000000ed000000, 0x00000000f5500000, 0x0000000100000000)
  eden space 61440K, 0% used [0x00000000ed000000,0x00000000ed000000,0x00000000f0c00000)
  from space 2048K, 98% used [0x00000000f0c00000,0x00000000f0df8020,0x00000000f0e00000)
  to   space 6656K, 0% used [0x00000000f4e80000,0x00000000f4e80000,0x00000000f5500000)
 ParOldGen       total 39936K, used 12550K [0x00000000c7000000, 0x00000000c9700000, 0x00000000ed000000)
  object space 39936K, 31% used [0x00000000c7000000,0x00000000c7c41828,0x00000000c9700000)
 Metaspace       used 17431K, capacity 17930K, committed 18048K, reserved 1064960K
  class space    used 2166K, capacity 2333K, committed 2432K, reserved 1048576K
}
Event: 2,779 GC heap before
{Heap before GC invocations=6 (full 0):
 PSYoungGen      total 63488K, used 63456K [0x00000000ed000000, 0x00000000f5500000, 0x0000000100000000)
  eden space 61440K, 100% used [0x00000000ed000000,0x00000000f0c00000,0x00000000f0c00000)
  from space 2048K, 98% used [0x00000000f0c00000,0x00000000f0df8020,0x00000000f0e00000)
  to   space 6656K, 0% used [0x00000000f4e80000,0x00000000f4e80000,0x00000000f5500000)
 ParOldGen       total 39936K, used 12550K [0x00000000c7000000, 0x00000000c9700000, 0x00000000ed000000)
  object space 39936K, 31% used [0x00000000c7000000,0x00000000c7c41828,0x00000000c9700000)
 Metaspace       used 20204K, capacity 20858K, committed 21120K, reserved 1067008K
  class space    used 2462K, capacity 2664K, committed 2688K, reserved 1048576K
Event: 2,796 GC heap after
Heap after GC invocations=6 (full 0):
 PSYoungGen      total 124928K, used 6636K [0x00000000ed000000, 0x00000000f5e00000, 0x0000000100000000)
  eden space 118272K, 0% used [0x00000000ed000000,0x00000000ed000000,0x00000000f4380000)
  from space 6656K, 99% used [0x00000000f4e80000,0x00000000f54fb2b8,0x00000000f5500000)
  to   space 11264K, 0% used [0x00000000f4380000,0x00000000f4380000,0x00000000f4e80000)
 ParOldGen       total 39936K, used 18848K [0x00000000c7000000, 0x00000000c9700000, 0x00000000ed000000)
  object space 39936K, 47% used [0x00000000c7000000,0x00000000c8268330,0x00000000c9700000)
 Metaspace       used 20204K, capacity 20858K, committed 21120K, reserved 1067008K
  class space    used 2462K, capacity 2664K, committed 2688K, reserved 1048576K
}
Event: 2,838 GC heap before
{Heap before GC invocations=7 (full 0):
 PSYoungGen      total 124928K, used 11400K [0x00000000ed000000, 0x00000000f5e00000, 0x0000000100000000)
  eden space 118272K, 4% used [0x00000000ed000000,0x00000000ed4a6d58,0x00000000f4380000)
  from space 6656K, 99% used [0x00000000f4e80000,0x00000000f54fb2b8,0x00000000f5500000)
  to   space 11264K, 0% used [0x00000000f4380000,0x00000000f4380000,0x00000000f4e80000)
 ParOldGen       total 39936K, used 18848K [0x00000000c7000000, 0x00000000c9700000, 0x00000000ed000000)
  object space 39936K, 47% used [0x00000000c7000000,0x00000000c8268330,0x00000000c9700000)
 Metaspace       used 20526K, capacity 21082K, committed 21248K, reserved 1067008K
  class space    used 2504K, capacity 2696K, committed 2816K, reserved 1048576K

