# JRE version: Java(TM) SE Runtime Environment (8.0_60-b27) (build 1.8.0_60-b27)
# Java VM: Java HotSpot(TM) 64-Bit Server VM (25.60-b23 mixed mode linux-amd64 compressed oops)
Heap:
 PSYoungGen      total 66560K, used 5100K [0x00000000ed000000, 0x00000000f1600000, 0x0000000100000000)
  eden space 61440K, 0% used [0x00000000ed000000,0x00000000ed000000,0x00000000f0c00000)
  from space 5120K, 99% used [0x00000000f0c00000,0x00000000f10fb2d8,0x00000000f1100000)
  to   space 5120K, 0% used [0x00000000f1100000,0x00000000f1100000,0x00000000f1600000)
 ParOldGen       total 39936K, used 18137K [0x00000000c7000000, 0x00000000c9700000, 0x00000000ed000000)
  object space 39936K, 45% used [0x00000000c7000000,0x00000000c81b6608,0x00000000c9700000)
 Metaspace       used 19074K, capacity 19562K, committed 19712K, reserved 1067008K
  class space    used 2334K, capacity 2493K, committed 2560K, reserved 1048576K
GC Heap History (10 events):
Event: 0,588 GC heap after
Heap after GC invocations=2 (full 0):
 PSYoungGen      total 17408K, used 2048K [0x00000000ed000000, 0x00000000ef200000, 0x0000000100000000)
  eden space 15360K, 0% used [0x00000000ed000000,0x00000000ed000000,0x00000000edf00000)
  from space 2048K, 100% used [0x00000000ee100000,0x00000000ee300000,0x00000000ee300000)
  to   space 2048K, 0% used [0x00000000edf00000,0x00000000edf00000,0x00000000ee100000)
 ParOldGen       total 39936K, used 2155K [0x00000000c7000000, 0x00000000c9700000, 0x00000000ed000000)
  object space 39936K, 5% used [0x00000000c7000000,0x00000000c721af18,0x00000000c9700000)
 Metaspace       used 7839K, capacity 8008K, committed 8320K, reserved 1056768K
  class space    used 996K, capacity 1050K, committed 1152K, reserved 1048576K
}
Event: 0,760 GC heap before
{Heap before GC invocations=3 (full 0):
 PSYoungGen      total 17408K, used 17408K [0x00000000ed000000, 0x00000000ef200000, 0x0000000100000000)
  eden space 15360K, 100% used [0x00000000ed000000,0x00000000edf00000,0x00000000edf00000)
  from space 2048K, 100% used [0x00000000ee100000,0x00000000ee300000,0x00000000ee300000)
  to   space 2048K, 0% used [0x00000000edf00000,0x00000000edf00000,0x00000000ee100000)
 ParOldGen       total 39936K, used 2155K [0x00000000c7000000, 0x00000000c9700000, 0x00000000ed000000)
  object space 39936K, 5% used [0x00000000c7000000,0x00000000c721af18,0x00000000c9700000)
 Metaspace       used 9727K, capacity 9884K, committed 10112K, reserved 1058816K
  class space    used 1242K, capacity 1309K, committed 1408K, reserved 1048576K
Event: 0,768 GC heap after
Heap after GC invocations=3 (full 0):
 PSYoungGen      total 17408K, used 2048K [0x00000000ed000000, 0x00000000ef200000, 0x0000000100000000)
  eden space 15360K, 0% used [0x00000000ed000000,0x00000000ed000000,0x00000000edf00000)
  from space 2048K, 100% used [0x00000000edf00000,0x00000000ee100000,0x00000000ee100000)
  to   space 2048K, 0% used [0x00000000ef000000,0x00000000ef000000,0x00000000ef200000)
 ParOldGen       total 39936K, used 4178K [0x00000000c7000000, 0x00000000c9700000, 0x00000000ed000000)
  object space 39936K, 10% used [0x00000000c7000000,0x00000000c74148f8,0x00000000c9700000)
 Metaspace       used 9727K, capacity 9884K, committed 10112K, reserved 1058816K
  class space    used 1242K, capacity 1309K, committed 1408K, reserved 1048576K
}
Event: 1,074 GC heap before
{Heap before GC invocations=4 (full 0):
 PSYoungGen      total 17408K, used 17408K [0x00000000ed000000, 0x00000000ef200000, 0x0000000100000000)
  eden space 15360K, 100% used [0x00000000ed000000,0x00000000edf00000,0x00000000edf00000)
  from space 2048K, 100% used [0x00000000edf00000,0x00000000ee100000,0x00000000ee100000)
  to   space 2048K, 0% used [0x00000000ef000000,0x00000000ef000000,0x00000000ef200000)
 ParOldGen       total 39936K, used 4178K [0x00000000c7000000, 0x00000000c9700000, 0x00000000ed000000)
  object space 39936K, 10% used [0x00000000c7000000,0x00000000c74148f8,0x00000000c9700000)
 Metaspace       used 12947K, capacity 13260K, committed 13568K, reserved 1060864K
  class space    used 1592K, capacity 1690K, committed 1792K, reserved 1048576K
Event: 1,087 GC heap after
Heap after GC invocations=4 (full 0):
 PSYoungGen      total 32768K, used 2032K [0x00000000ed000000, 0x00000000ef200000, 0x0000000100000000)
  eden space 30720K, 0% used [0x00000000ed000000,0x00000000ed000000,0x00000000eee00000)
  from space 2048K, 99% used [0x00000000ef000000,0x00000000ef1fc010,0x00000000ef200000)
  to   space 2048K, 0% used [0x00000000eee00000,0x00000000eee00000,0x00000000ef000000)
 ParOldGen       total 39936K, used 6687K [0x00000000c7000000, 0x00000000c9700000, 0x00000000ed000000)
  object space 39936K, 16% used [0x00000000c7000000,0x00000000c7687d10,0x00000000c9700000)
 Metaspace       used 12947K, capacity 13260K, committed 13568K, reserved 1060864K
  class space    used 1592K, capacity 1690K, committed 1792K, reserved 1048576K
}
Event: 1,313 GC heap before
{Heap before GC invocations=5 (full 0):
 PSYoungGen      total 32768K, used 32752K [0x00000000ed000000, 0x00000000ef200000, 0x0000000100000000)
  eden space 30720K, 100% used [0x00000000ed000000,0x00000000eee00000,0x00000000eee00000)
  from space 2048K, 99% used [0x00000000ef000000,0x00000000ef1fc010,0x00000000ef200000)
  to   space 2048K, 0% used [0x00000000eee00000,0x00000000eee00000,0x00000000ef000000)
 ParOldGen       total 39936K, used 6687K [0x00000000c7000000, 0x00000000c9700000, 0x00000000ed000000)
  object space 39936K, 16% used [0x00000000c7000000,0x00000000c7687d10,0x00000000c9700000)
 Metaspace       used 13338K, capacity 13630K, committed 13824K, reserved 1060864K
  class space    used 1622K, capacity 1725K, committed 1792K, reserved 1048576K
Event: 1,319 GC heap after
Heap after GC invocations=5 (full 0):
 PSYoungGen      total 32768K, used 2048K [0x00000000ed000000, 0x00000000f1600000, 0x0000000100000000)
  eden space 30720K, 0% used [0x00000000ed000000,0x00000000ed000000,0x00000000eee00000)
  from space 2048K, 100% used [0x00000000eee00000,0x00000000ef000000,0x00000000ef000000)
  to   space 5120K, 0% used [0x00000000f1100000,0x00000000f1100000,0x00000000f1600000)
 ParOldGen       total 39936K, used 8872K [0x00000000c7000000, 0x00000000c9700000, 0x00000000ed000000)
  object space 39936K, 22% used [0x00000000c7000000,0x00000000c78aa310,0x00000000c9700000)
 Metaspace       used 13338K, capacity 13630K, committed 13824K, reserved 1060864K
  class space    used 1622K, capacity 1725K, committed 1792K, reserved 1048576K
}
Event: 1,610 GC heap before
{Heap before GC invocations=6 (full 0):
 PSYoungGen      total 32768K, used 32768K [0x00000000ed000000, 0x00000000f1600000, 0x0000000100000000)
  eden space 30720K, 100% used [0x00000000ed000000,0x00000000eee00000,0x00000000eee00000)
  from space 2048K, 100% used [0x00000000eee00000,0x00000000ef000000,0x00000000ef000000)
  to   space 5120K, 0% used [0x00000000f1100000,0x00000000f1100000,0x00000000f1600000)
 ParOldGen       total 39936K, used 8872K [0x00000000c7000000, 0x00000000c9700000, 0x00000000ed000000)
  object space 39936K, 22% used [0x00000000c7000000,0x00000000c78aa310,0x00000000c9700000)
 Metaspace       used 14127K, capacity 14542K, committed 14720K, reserved 1062912K
  class space    used 1716K, capacity 1837K, committed 1920K, reserved 1048576K
Event: 1,622 GC heap after
Heap after GC invocations=6 (full 0):
 PSYoungGen      total 66560K, used 4116K [0x00000000ed000000, 0x00000000f1600000, 0x0000000100000000)
  eden space 61440K, 0% used [0x00000000ed000000,0x00000000ed000000,0x00000000f0c00000)
  from space 5120K, 80% used [0x00000000f1100000,0x00000000f1505000,0x00000000f1600000)
  to   space 5120K, 0% used [0x00000000f0c00000,0x00000000f0c00000,0x00000000f1100000)
 ParOldGen       total 39936K, used 8880K [0x00000000c7000000, 0x00000000c9700000, 0x00000000ed000000)
  object space 39936K, 22% used [0x00000000c7000000,0x00000000c78ac310,0x00000000c9700000)
 Metaspace       used 14127K, capacity 14542K, committed 14720K, reserved 1062912K
  class space    used 1716K, capacity 1837K, committed 1920K, reserved 1048576K
}
Event: 2,335 GC heap before
{Heap before GC invocations=7 (full 0):
 PSYoungGen      total 66560K, used 65556K [0x00000000ed000000, 0x00000000f1600000, 0x0000000100000000)
  eden space 61440K, 100% used [0x00000000ed000000,0x00000000f0c00000,0x00000000f0c00000)
  from space 5120K, 80% used [0x00000000f1100000,0x00000000f1505000,0x00000000f1600000)
  to   space 5120K, 0% used [0x00000000f0c00000,0x00000000f0c00000,0x00000000f1100000)
 ParOldGen       total 39936K, used 8880K [0x00000000c7000000, 0x00000000c9700000, 0x00000000ed000000)
  object space 39936K, 22% used [0x00000000c7000000,0x00000000c78ac310,0x00000000c9700000)
 Metaspace       used 19074K, capacity 19562K, committed 19712K, reserved 1067008K
  class space    used 2334K, capacity 2493K, committed 2560K, reserved 1048576K

