# JRE version: Java(TM) SE Runtime Environment (8.0_60-b27) (build 1.8.0_60-b27)
# Java VM: Java HotSpot(TM) 64-Bit Server VM (25.60-b23 mixed mode linux-amd64 compressed oops)
Heap:
 PSYoungGen      total 130048K, used 6821K [0x00000000ed000000, 0x00000000f5f00000, 0x0000000100000000)
  eden space 118272K, 0% used [0x00000000ed000000,0x00000000ed000000,0x00000000f4380000)
  from space 11776K, 57% used [0x00000000f4380000,0x00000000f4a297a8,0x00000000f4f00000)
  to   space 7168K, 0% used [0x00000000f4f00000,0x00000000f4f00000,0x00000000f5600000)
 ParOldGen       total 39936K, used 18894K [0x00000000c7000000, 0x00000000c9700000, 0x00000000ed000000)
  object space 39936K, 47% used [0x00000000c7000000,0x00000000c8273a20,0x00000000c9700000)
 Metaspace       used 20589K, capacity 21122K, committed 21296K, reserved 1069056K
  class space    used 2526K, capacity 2688K, committed 2688K, reserved 1048576K
GC Heap History (10 events):
Event: 0,523 GC heap after
Heap after GC invocations=2 (full 0):
 PSYoungGen      total 32768K, used 2032K [0x00000000ed000000, 0x00000000ef200000, 0x0000000100000000)
  eden space 30720K, 0% used [0x00000000ed000000,0x00000000ed000000,0x00000000eee00000)
  from space 2048K, 99% used [0x00000000ef000000,0x00000000ef1fc010,0x00000000ef200000)
  to   space 2048K, 0% used [0x00000000eee00000,0x00000000eee00000,0x00000000ef000000)
 ParOldGen       total 39936K, used 2002K [0x00000000c7000000, 0x00000000c9700000, 0x00000000ed000000)
  object space 39936K, 5% used [0x00000000c7000000,0x00000000c71f4998,0x00000000c9700000)
 Metaspace       used 7733K, capacity 7912K, committed 7936K, reserved 1056768K
  class space    used 975K, capacity 1018K, committed 1024K, reserved 1048576K
}
Event: 0,936 GC heap before
{Heap before GC invocations=3 (full 0):
 PSYoungGen      total 32768K, used 32752K [0x00000000ed000000, 0x00000000ef200000, 0x0000000100000000)
  eden space 30720K, 100% used [0x00000000ed000000,0x00000000eee00000,0x00000000eee00000)
  from space 2048K, 99% used [0x00000000ef000000,0x00000000ef1fc010,0x00000000ef200000)
  to   space 2048K, 0% used [0x00000000eee00000,0x00000000eee00000,0x00000000ef000000)
 ParOldGen       total 39936K, used 2002K [0x00000000c7000000, 0x00000000c9700000, 0x00000000ed000000)
  object space 39936K, 5% used [0x00000000c7000000,0x00000000c71f4998,0x00000000c9700000)
 Metaspace       used 12901K, capacity 13194K, committed 13568K, reserved 1060864K
  class space    used 1589K, capacity 1688K, committed 1792K, reserved 1048576K
Event: 0,950 GC heap after
Heap after GC invocations=3 (full 0):
 PSYoungGen      total 32768K, used 2032K [0x00000000ed000000, 0x00000000f1000000, 0x0000000100000000)
  eden space 30720K, 0% used [0x00000000ed000000,0x00000000ed000000,0x00000000eee00000)
  from space 2048K, 99% used [0x00000000eee00000,0x00000000eeffc010,0x00000000ef000000)
  to   space 2048K, 0% used [0x00000000f0e00000,0x00000000f0e00000,0x00000000f1000000)
 ParOldGen       total 39936K, used 6480K [0x00000000c7000000, 0x00000000c9700000, 0x00000000ed000000)
  object space 39936K, 16% used [0x00000000c7000000,0x00000000c7654290,0x00000000c9700000)
 Metaspace       used 12901K, capacity 13194K, committed 13568K, reserved 1060864K
  class space    used 1589K, capacity 1688K, committed 1792K, reserved 1048576K
}
Event: 1,182 GC heap before
{Heap before GC invocations=4 (full 0):
 PSYoungGen      total 32768K, used 32752K [0x00000000ed000000, 0x00000000f1000000, 0x0000000100000000)
  eden space 30720K, 100% used [0x00000000ed000000,0x00000000eee00000,0x00000000eee00000)
  from space 2048K, 99% used [0x00000000eee00000,0x00000000eeffc010,0x00000000ef000000)
  to   space 2048K, 0% used [0x00000000f0e00000,0x00000000f0e00000,0x00000000f1000000)
 ParOldGen       total 39936K, used 6480K [0x00000000c7000000, 0x00000000c9700000, 0x00000000ed000000)
  object space 39936K, 16% used [0x00000000c7000000,0x00000000c7654290,0x00000000c9700000)
 Metaspace       used 13358K, capacity 13630K, committed 13824K, reserved 1060864K
  class space    used 1622K, capacity 1725K, committed 1792K, reserved 1048576K
Event: 1,190 GC heap after
Heap after GC invocations=4 (full 0):
 PSYoungGen      total 63488K, used 2048K [0x00000000ed000000, 0x00000000f1000000, 0x0000000100000000)
  eden space 61440K, 0% used [0x00000000ed000000,0x00000000ed000000,0x00000000f0c00000)
  from space 2048K, 100% used [0x00000000f0e00000,0x00000000f1000000,0x00000000f1000000)
  to   space 2048K, 0% used [0x00000000f0c00000,0x00000000f0c00000,0x00000000f0e00000)
 ParOldGen       total 39936K, used 8711K [0x00000000c7000000, 0x00000000c9700000, 0x00000000ed000000)
  object space 39936K, 21% used [0x00000000c7000000,0x00000000c7881fb8,0x00000000c9700000)
 Metaspace       used 13358K, capacity 13630K, committed 13824K, reserved 1060864K
  class space    used 1622K, capacity 1725K, committed 1792K, reserved 1048576K
}
Event: 1,789 GC heap before
{Heap before GC invocations=5 (full 0):
 PSYoungGen      total 63488K, used 63488K [0x00000000ed000000, 0x00000000f1000000, 0x0000000100000000)
  eden space 61440K, 100% used [0x00000000ed000000,0x00000000f0c00000,0x00000000f0c00000)
  from space 2048K, 100% used [0x00000000f0e00000,0x00000000f1000000,0x00000000f1000000)
  to   space 2048K, 0% used [0x00000000f0c00000,0x00000000f0c00000,0x00000000f0e00000)
 ParOldGen       total 39936K, used 8711K [0x00000000c7000000, 0x00000000c9700000, 0x00000000ed000000)
  object space 39936K, 21% used [0x00000000c7000000,0x00000000c7881fb8,0x00000000c9700000)
 Metaspace       used 17646K, capacity 18098K, committed 18304K, reserved 1064960K
  class space    used 2176K, capacity 2325K, committed 2432K, reserved 1048576K
Event: 1,798 GC heap after
Heap after GC invocations=5 (full 0):
 PSYoungGen      total 63488K, used 2032K [0x00000000ed000000, 0x00000000f5600000, 0x0000000100000000)
  eden space 61440K, 0% used [0x00000000ed000000,0x00000000ed000000,0x00000000f0c00000)
  from space 2048K, 99% used [0x00000000f0c00000,0x00000000f0dfc010,0x00000000f0e00000)
  to   space 7168K, 0% used [0x00000000f4f00000,0x00000000f4f00000,0x00000000f5600000)
 ParOldGen       total 39936K, used 12579K [0x00000000c7000000, 0x00000000c9700000, 0x00000000ed000000)
  object space 39936K, 31% used [0x00000000c7000000,0x00000000c7c48cc8,0x00000000c9700000)
 Metaspace       used 17646K, capacity 18098K, committed 18304K, reserved 1064960K
  class space    used 2176K, capacity 2325K, committed 2432K, reserved 1048576K
}
Event: 5,510 GC heap before
{Heap before GC invocations=6 (full 0):
 PSYoungGen      total 63488K, used 63472K [0x00000000ed000000, 0x00000000f5600000, 0x0000000100000000)
  eden space 61440K, 100% used [0x00000000ed000000,0x00000000f0c00000,0x00000000f0c00000)
  from space 2048K, 99% used [0x00000000f0c00000,0x00000000f0dfc010,0x00000000f0e00000)
  to   space 7168K, 0% used [0x00000000f4f00000,0x00000000f4f00000,0x00000000f5600000)
 ParOldGen       total 39936K, used 12579K [0x00000000c7000000, 0x00000000c9700000, 0x00000000ed000000)
  object space 39936K, 31% used [0x00000000c7000000,0x00000000c7c48cc8,0x00000000c9700000)
 Metaspace       used 20453K, capacity 20994K, committed 21120K, reserved 1067008K
  class space    used 2504K, capacity 2688K, committed 2688K, reserved 1048576K
Event: 5,532 GC heap after
Heap after GC invocations=6 (full 0):
 PSYoungGen      total 125440K, used 7160K [0x00000000ed000000, 0x00000000f5f00000, 0x0000000100000000)
  eden space 118272K, 0% used [0x00000000ed000000,0x00000000ed000000,0x00000000f4380000)
  from space 7168K, 99% used [0x00000000f4f00000,0x00000000f55fe2a8,0x00000000f5600000)
  to   space 11776K, 0% used [0x00000000f4380000,0x00000000f4380000,0x00000000f4f00000)
 ParOldGen       total 39936K, used 18314K [0x00000000c7000000, 0x00000000c9700000, 0x00000000ed000000)
  object space 39936K, 45% used [0x00000000c7000000,0x00000000c81e2a10,0x00000000c9700000)
 Metaspace       used 20453K, capacity 20994K, committed 21120K, reserved 1067008K
  class space    used 2504K, capacity 2688K, committed 2688K, reserved 1048576K
}
Event: 5,558 GC heap before
{Heap before GC invocations=7 (full 0):
 PSYoungGen      total 125440K, used 9478K [0x00000000ed000000, 0x00000000f5f00000, 0x0000000100000000)
  eden space 118272K, 1% used [0x00000000ed000000,0x00000000ed2436e0,0x00000000f4380000)
  from space 7168K, 99% used [0x00000000f4f00000,0x00000000f55fe2a8,0x00000000f5600000)
  to   space 11776K, 0% used [0x00000000f4380000,0x00000000f4380000,0x00000000f4f00000)
 ParOldGen       total 39936K, used 18314K [0x00000000c7000000, 0x00000000c9700000, 0x00000000ed000000)
  object space 39936K, 45% used [0x00000000c7000000,0x00000000c81e2a10,0x00000000c9700000)
 Metaspace       used 20589K, capacity 21122K, committed 21296K, reserved 1069056K
  class space    used 2526K, capacity 2688K, committed 2688K, reserved 1048576K

