# JRE version: Java(TM) SE Runtime Environment (8.0_60-b27) (build 1.8.0_60-b27)
# Java VM: Java HotSpot(TM) 64-Bit Server VM (25.60-b23 mixed mode linux-amd64 compressed oops)
Heap:
 PSYoungGen      total 63488K, used 2032K [0x00000000ed000000, 0x00000000f1000000, 0x0000000100000000)
  eden space 61440K, 0% used [0x00000000ed000000,0x00000000ed000000,0x00000000f0c00000)
  from space 2048K, 99% used [0x00000000f0c00000,0x00000000f0dfc010,0x00000000f0e00000)
  to   space 2048K, 0% used [0x00000000f0e00000,0x00000000f0e00000,0x00000000f1000000)
 ParOldGen       total 39936K, used 11960K [0x00000000c7000000, 0x00000000c9700000, 0x00000000ed000000)
  object space 39936K, 29% used [0x00000000c7000000,0x00000000c7bae110,0x00000000c9700000)
 Metaspace       used 15221K, capacity 15678K, committed 15872K, reserved 1062912K
  class space    used 1810K, capacity 1936K, committed 2048K, reserved 1048576K
GC Heap History (9 events):
Event: 0,407 GC heap before
{Heap before GC invocations=1 (full 0):
 PSYoungGen      total 17408K, used 15360K [0x00000000ed000000, 0x00000000ee300000, 0x0000000100000000)
  eden space 15360K, 100% used [0x00000000ed000000,0x00000000edf00000,0x00000000edf00000)
  from space 2048K, 0% used [0x00000000ee100000,0x00000000ee100000,0x00000000ee300000)
  to   space 2048K, 0% used [0x00000000edf00000,0x00000000edf00000,0x00000000ee100000)
 ParOldGen       total 39936K, used 0K [0x00000000c7000000, 0x00000000c9700000, 0x00000000ed000000)
  object space 39936K, 0% used [0x00000000c7000000,0x00000000c7000000,0x00000000c9700000)
 Metaspace       used 6665K, capacity 6812K, committed 7040K, reserved 1056768K
  class space    used 820K, capacity 888K, committed 896K, reserved 1048576K
Event: 0,414 GC heap after
Heap after GC invocations=1 (full 0):
 PSYoungGen      total 17408K, used 2046K [0x00000000ed000000, 0x00000000ef200000, 0x0000000100000000)
  eden space 15360K, 0% used [0x00000000ed000000,0x00000000ed000000,0x00000000edf00000)
  from space 2048K, 99% used [0x00000000edf00000,0x00000000ee0ffba8,0x00000000ee100000)
  to   space 2048K, 0% used [0x00000000ef000000,0x00000000ef000000,0x00000000ef200000)
 ParOldGen       total 39936K, used 1286K [0x00000000c7000000, 0x00000000c9700000, 0x00000000ed000000)
  object space 39936K, 3% used [0x00000000c7000000,0x00000000c7141890,0x00000000c9700000)
 Metaspace       used 6665K, capacity 6812K, committed 7040K, reserved 1056768K
  class space    used 820K, capacity 888K, committed 896K, reserved 1048576K
}
Event: 0,535 GC heap before
{Heap before GC invocations=2 (full 0):
 PSYoungGen      total 17408K, used 17406K [0x00000000ed000000, 0x00000000ef200000, 0x0000000100000000)
  eden space 15360K, 100% used [0x00000000ed000000,0x00000000edf00000,0x00000000edf00000)
  from space 2048K, 99% used [0x00000000edf00000,0x00000000ee0ffba8,0x00000000ee100000)
  to   space 2048K, 0% used [0x00000000ef000000,0x00000000ef000000,0x00000000ef200000)
 ParOldGen       total 39936K, used 1286K [0x00000000c7000000, 0x00000000c9700000, 0x00000000ed000000)
  object space 39936K, 3% used [0x00000000c7000000,0x00000000c7141890,0x00000000c9700000)
 Metaspace       used 7691K, capacity 7778K, committed 7936K, reserved 1056768K
  class space    used 969K, capacity 1017K, committed 1024K, reserved 1048576K
Event: 0,538 GC heap after
Heap after GC invocations=2 (full 0):
 PSYoungGen      total 32768K, used 2034K [0x00000000ed000000, 0x00000000ef200000, 0x0000000100000000)
  eden space 30720K, 0% used [0x00000000ed000000,0x00000000ed000000,0x00000000eee00000)
  from space 2048K, 99% used [0x00000000ef000000,0x00000000ef1fcb20,0x00000000ef200000)
  to   space 2048K, 0% used [0x00000000eee00000,0x00000000eee00000,0x00000000ef000000)
 ParOldGen       total 39936K, used 1925K [0x00000000c7000000, 0x00000000c9700000, 0x00000000ed000000)
  object space 39936K, 4% used [0x00000000c7000000,0x00000000c71e1670,0x00000000c9700000)
 Metaspace       used 7691K, capacity 7778K, committed 7936K, reserved 1056768K
  class space    used 969K, capacity 1017K, committed 1024K, reserved 1048576K
}
Event: 1,029 GC heap before
{Heap before GC invocations=3 (full 0):
 PSYoungGen      total 32768K, used 32754K [0x00000000ed000000, 0x00000000ef200000, 0x0000000100000000)
  eden space 30720K, 100% used [0x00000000ed000000,0x00000000eee00000,0x00000000eee00000)
  from space 2048K, 99% used [0x00000000ef000000,0x00000000ef1fcb20,0x00000000ef200000)
  to   space 2048K, 0% used [0x00000000eee00000,0x00000000eee00000,0x00000000ef000000)
 ParOldGen       total 39936K, used 1925K [0x00000000c7000000, 0x00000000c9700000, 0x00000000ed000000)
  object space 39936K, 4% used [0x00000000c7000000,0x00000000c71e1670,0x00000000c9700000)
 Metaspace       used 12889K, capacity 13194K, committed 13568K, reserved 1060864K
  class space    used 1586K, capacity 1688K, committed 1792K, reserved 1048576K
Event: 1,035 GC heap after
Heap after GC invocations=3 (full 0):
 PSYoungGen      total 32768K, used 2032K [0x00000000ed000000, 0x00000000f1000000, 0x0000000100000000)
  eden space 30720K, 0% used [0x00000000ed000000,0x00000000ed000000,0x00000000eee00000)
  from space 2048K, 99% used [0x00000000eee00000,0x00000000eeffc010,0x00000000ef000000)
  to   space 2048K, 0% used [0x00000000f0e00000,0x00000000f0e00000,0x00000000f1000000)
 ParOldGen       total 39936K, used 6341K [0x00000000c7000000, 0x00000000c9700000, 0x00000000ed000000)
  object space 39936K, 15% used [0x00000000c7000000,0x00000000c76317d8,0x00000000c9700000)
 Metaspace       used 12889K, capacity 13194K, committed 13568K, reserved 1060864K
  class space    used 1586K, capacity 1688K, committed 1792K, reserved 1048576K
}
Event: 1,346 GC heap before
{Heap before GC invocations=4 (full 0):
 PSYoungGen      total 32768K, used 32752K [0x00000000ed000000, 0x00000000f1000000, 0x0000000100000000)
  eden space 30720K, 100% used [0x00000000ed000000,0x00000000eee00000,0x00000000eee00000)
  from space 2048K, 99% used [0x00000000eee00000,0x00000000eeffc010,0x00000000ef000000)
  to   space 2048K, 0% used [0x00000000f0e00000,0x00000000f0e00000,0x00000000f1000000)
 ParOldGen       total 39936K, used 6341K [0x00000000c7000000, 0x00000000c9700000, 0x00000000ed000000)
  object space 39936K, 15% used [0x00000000c7000000,0x00000000c76317d8,0x00000000c9700000)
 Metaspace       used 13352K, capacity 13630K, committed 13824K, reserved 1060864K
  class space    used 1621K, capacity 1725K, committed 1792K, reserved 1048576K
Event: 1,357 GC heap after
Heap after GC invocations=4 (full 0):
 PSYoungGen      total 63488K, used 2048K [0x00000000ed000000, 0x00000000f1000000, 0x0000000100000000)
  eden space 61440K, 0% used [0x00000000ed000000,0x00000000ed000000,0x00000000f0c00000)
  from space 2048K, 100% used [0x00000000f0e00000,0x00000000f1000000,0x00000000f1000000)
  to   space 2048K, 0% used [0x00000000f0c00000,0x00000000f0c00000,0x00000000f0e00000)
 ParOldGen       total 39936K, used 8521K [0x00000000c7000000, 0x00000000c9700000, 0x00000000ed000000)
  object space 39936K, 21% used [0x00000000c7000000,0x00000000c7852510,0x00000000c9700000)
 Metaspace       used 13352K, capacity 13630K, committed 13824K, reserved 1060864K
  class space    used 1621K, capacity 1725K, committed 1792K, reserved 1048576K
}
Event: 34,398 GC heap before
{Heap before GC invocations=5 (full 0):
 PSYoungGen      total 63488K, used 63488K [0x00000000ed000000, 0x00000000f1000000, 0x0000000100000000)
  eden space 61440K, 100% used [0x00000000ed000000,0x00000000f0c00000,0x00000000f0c00000)
  from space 2048K, 100% used [0x00000000f0e00000,0x00000000f1000000,0x00000000f1000000)
  to   space 2048K, 0% used [0x00000000f0c00000,0x00000000f0c00000,0x00000000f0e00000)
 ParOldGen       total 39936K, used 8521K [0x00000000c7000000, 0x00000000c9700000, 0x00000000ed000000)
  object space 39936K, 21% used [0x00000000c7000000,0x00000000c7852510,0x00000000c9700000)
 Metaspace       used 15221K, capacity 15678K, committed 15872K, reserved 1062912K
  class space    used 1810K, capacity 1936K, committed 2048K, reserved 1048576K

