# JRE version: Java(TM) SE Runtime Environment (8.0_60-b27) (build 1.8.0_60-b27)
# Java VM: Java HotSpot(TM) 64-Bit Server VM (25.60-b23 mixed mode linux-amd64 compressed oops)
Heap:
 PSYoungGen      total 130048K, used 7160K [0x00000000ed000000, 0x00000000f5e00000, 0x0000000100000000)
  eden space 118784K, 0% used [0x00000000ed000000,0x00000000ed000000,0x00000000f4400000)
  from space 11264K, 63% used [0x00000000f4400000,0x00000000f4afe1c0,0x00000000f4f00000)
  to   space 7168K, 0% used [0x00000000f4f00000,0x00000000f4f00000,0x00000000f5600000)
 ParOldGen       total 39936K, used 19066K [0x00000000c7000000, 0x00000000c9700000, 0x00000000ed000000)
  object space 39936K, 47% used [0x00000000c7000000,0x00000000c829e800,0x00000000c9700000)
 Metaspace       used 20570K, capacity 21178K, committed 21296K, reserved 1069056K
  class space    used 2496K, capacity 2664K, committed 2688K, reserved 1048576K
GC Heap History (10 events):
Event: 0,576 GC heap after
Heap after GC invocations=2 (full 0):
 PSYoungGen      total 32768K, used 2032K [0x00000000ed000000, 0x00000000ef200000, 0x0000000100000000)
  eden space 30720K, 0% used [0x00000000ed000000,0x00000000ed000000,0x00000000eee00000)
  from space 2048K, 99% used [0x00000000ef000000,0x00000000ef1fc010,0x00000000ef200000)
  to   space 2048K, 0% used [0x00000000eee00000,0x00000000eee00000,0x00000000ef000000)
 ParOldGen       total 39936K, used 2133K [0x00000000c7000000, 0x00000000c9700000, 0x00000000ed000000)
  object space 39936K, 5% used [0x00000000c7000000,0x00000000c7215770,0x00000000c9700000)
 Metaspace       used 7782K, capacity 7944K, committed 8064K, reserved 1056768K
  class space    used 984K, capacity 1050K, committed 1152K, reserved 1048576K
}
Event: 1,061 GC heap before
{Heap before GC invocations=3 (full 0):
 PSYoungGen      total 32768K, used 32752K [0x00000000ed000000, 0x00000000ef200000, 0x0000000100000000)
  eden space 30720K, 100% used [0x00000000ed000000,0x00000000eee00000,0x00000000eee00000)
  from space 2048K, 99% used [0x00000000ef000000,0x00000000ef1fc010,0x00000000ef200000)
  to   space 2048K, 0% used [0x00000000eee00000,0x00000000eee00000,0x00000000ef000000)
 ParOldGen       total 39936K, used 2133K [0x00000000c7000000, 0x00000000c9700000, 0x00000000ed000000)
  object space 39936K, 5% used [0x00000000c7000000,0x00000000c7215770,0x00000000c9700000)
 Metaspace       used 12916K, capacity 13258K, committed 13568K, reserved 1060864K
  class space    used 1589K, capacity 1688K, committed 1792K, reserved 1048576K
Event: 1,071 GC heap after
Heap after GC invocations=3 (full 0):
 PSYoungGen      total 32768K, used 2032K [0x00000000ed000000, 0x00000000f1000000, 0x0000000100000000)
  eden space 30720K, 0% used [0x00000000ed000000,0x00000000ed000000,0x00000000eee00000)
  from space 2048K, 99% used [0x00000000eee00000,0x00000000eeffc010,0x00000000ef000000)
  to   space 2048K, 0% used [0x00000000f0e00000,0x00000000f0e00000,0x00000000f1000000)
 ParOldGen       total 39936K, used 6726K [0x00000000c7000000, 0x00000000c9700000, 0x00000000ed000000)
  object space 39936K, 16% used [0x00000000c7000000,0x00000000c7691b68,0x00000000c9700000)
 Metaspace       used 12916K, capacity 13258K, committed 13568K, reserved 1060864K
  class space    used 1589K, capacity 1688K, committed 1792K, reserved 1048576K
}
Event: 1,348 GC heap before
{Heap before GC invocations=4 (full 0):
 PSYoungGen      total 32768K, used 32752K [0x00000000ed000000, 0x00000000f1000000, 0x0000000100000000)
  eden space 30720K, 100% used [0x00000000ed000000,0x00000000eee00000,0x00000000eee00000)
  from space 2048K, 99% used [0x00000000eee00000,0x00000000eeffc010,0x00000000ef000000)
  to   space 2048K, 0% used [0x00000000f0e00000,0x00000000f0e00000,0x00000000f1000000)
 ParOldGen       total 39936K, used 6726K [0x00000000c7000000, 0x00000000c9700000, 0x00000000ed000000)
  object space 39936K, 16% used [0x00000000c7000000,0x00000000c7691b68,0x00000000c9700000)
 Metaspace       used 13355K, capacity 13694K, committed 13824K, reserved 1060864K
  class space    used 1622K, capacity 1725K, committed 1792K, reserved 1048576K
Event: 1,356 GC heap after
Heap after GC invocations=4 (full 0):
 PSYoungGen      total 63488K, used 2032K [0x00000000ed000000, 0x00000000f1000000, 0x0000000100000000)
  eden space 61440K, 0% used [0x00000000ed000000,0x00000000ed000000,0x00000000f0c00000)
  from space 2048K, 99% used [0x00000000f0e00000,0x00000000f0ffc010,0x00000000f1000000)
  to   space 2048K, 0% used [0x00000000f0c00000,0x00000000f0c00000,0x00000000f0e00000)
 ParOldGen       total 39936K, used 9000K [0x00000000c7000000, 0x00000000c9700000, 0x00000000ed000000)
  object space 39936K, 22% used [0x00000000c7000000,0x00000000c78ca148,0x00000000c9700000)
 Metaspace       used 13355K, capacity 13694K, committed 13824K, reserved 1060864K
  class space    used 1622K, capacity 1725K, committed 1792K, reserved 1048576K
}
Event: 1,982 GC heap before
{Heap before GC invocations=5 (full 0):
 PSYoungGen      total 63488K, used 63472K [0x00000000ed000000, 0x00000000f1000000, 0x0000000100000000)
  eden space 61440K, 100% used [0x00000000ed000000,0x00000000f0c00000,0x00000000f0c00000)
  from space 2048K, 99% used [0x00000000f0e00000,0x00000000f0ffc010,0x00000000f1000000)
  to   space 2048K, 0% used [0x00000000f0c00000,0x00000000f0c00000,0x00000000f0e00000)
 ParOldGen       total 39936K, used 9000K [0x00000000c7000000, 0x00000000c9700000, 0x00000000ed000000)
  object space 39936K, 22% used [0x00000000c7000000,0x00000000c78ca148,0x00000000c9700000)
 Metaspace       used 17556K, capacity 18058K, committed 18304K, reserved 1064960K
  class space    used 2176K, capacity 2333K, committed 2432K, reserved 1048576K
Event: 2,010 GC heap after
Heap after GC invocations=5 (full 0):
 PSYoungGen      total 63488K, used 2032K [0x00000000ed000000, 0x00000000f5600000, 0x0000000100000000)
  eden space 61440K, 0% used [0x00000000ed000000,0x00000000ed000000,0x00000000f0c00000)
  from space 2048K, 99% used [0x00000000f0c00000,0x00000000f0dfc010,0x00000000f0e00000)
  to   space 7168K, 0% used [0x00000000f4f00000,0x00000000f4f00000,0x00000000f5600000)
 ParOldGen       total 39936K, used 12569K [0x00000000c7000000, 0x00000000c9700000, 0x00000000ed000000)
  object space 39936K, 31% used [0x00000000c7000000,0x00000000c7c46560,0x00000000c9700000)
 Metaspace       used 17556K, capacity 18058K, committed 18304K, reserved 1064960K
  class space    used 2176K, capacity 2333K, committed 2432K, reserved 1048576K
}
Event: 2,992 GC heap before
{Heap before GC invocations=6 (full 0):
 PSYoungGen      total 63488K, used 63472K [0x00000000ed000000, 0x00000000f5600000, 0x0000000100000000)
  eden space 61440K, 100% used [0x00000000ed000000,0x00000000f0c00000,0x00000000f0c00000)
  from space 2048K, 99% used [0x00000000f0c00000,0x00000000f0dfc010,0x00000000f0e00000)
  to   space 7168K, 0% used [0x00000000f4f00000,0x00000000f4f00000,0x00000000f5600000)
 ParOldGen       total 39936K, used 12569K [0x00000000c7000000, 0x00000000c9700000, 0x00000000ed000000)
  object space 39936K, 31% used [0x00000000c7000000,0x00000000c7c46560,0x00000000c9700000)
 Metaspace       used 20294K, capacity 20986K, committed 21120K, reserved 1067008K
  class space    used 2463K, capacity 2664K, committed 2688K, reserved 1048576K
Event: 3,009 GC heap after
Heap after GC invocations=6 (full 0):
 PSYoungGen      total 125952K, used 7153K [0x00000000ed000000, 0x00000000f5e00000, 0x0000000100000000)
  eden space 118784K, 0% used [0x00000000ed000000,0x00000000ed000000,0x00000000f4400000)
  from space 7168K, 99% used [0x00000000f4f00000,0x00000000f55fc798,0x00000000f5600000)
  to   space 11264K, 0% used [0x00000000f4400000,0x00000000f4400000,0x00000000f4f00000)
 ParOldGen       total 39936K, used 18498K [0x00000000c7000000, 0x00000000c9700000, 0x00000000ed000000)
  object space 39936K, 46% used [0x00000000c7000000,0x00000000c8210800,0x00000000c9700000)
 Metaspace       used 20294K, capacity 20986K, committed 21120K, reserved 1067008K
  class space    used 2463K, capacity 2664K, committed 2688K, reserved 1048576K
}
Event: 3,045 GC heap before
{Heap before GC invocations=7 (full 0):
 PSYoungGen      total 125952K, used 11943K [0x00000000ed000000, 0x00000000f5e00000, 0x0000000100000000)
  eden space 118784K, 4% used [0x00000000ed000000,0x00000000ed4ad7d8,0x00000000f4400000)
  from space 7168K, 99% used [0x00000000f4f00000,0x00000000f55fc798,0x00000000f5600000)
  to   space 11264K, 0% used [0x00000000f4400000,0x00000000f4400000,0x00000000f4f00000)
 ParOldGen       total 39936K, used 18498K [0x00000000c7000000, 0x00000000c9700000, 0x00000000ed000000)
  object space 39936K, 46% used [0x00000000c7000000,0x00000000c8210800,0x00000000c9700000)
 Metaspace       used 20570K, capacity 21178K, committed 21296K, reserved 1069056K
  class space    used 2496K, capacity 2664K, committed 2688K, reserved 1048576K

